<?xml version="1.0" encoding="UTF-8"?>
<testng-results ignored="0" total="1" passed="0" failed="1" skipped="0">
  <reporter-output>
  </reporter-output>
  <suite started-at="2023-08-20T13:03:17 IST" name="TestSuite" finished-at="2023-08-20T13:03:25 IST" duration-ms="7683">
    <groups>
    </groups>
    <test started-at="2023-08-20T13:03:17 IST" name="ContactPageTest" finished-at="2023-08-20T13:03:25 IST" duration-ms="7683">
      <class name="CaseStudy3_2.FlipkartTest">
        <test-method is-config="true" signature="setUp()[pri:0, instance:CaseStudy3_2.FlipkartTest@14dd9eb7]" started-at="2023-08-20T13:03:17 IST" name="setUp" finished-at="2023-08-20T13:03:23 IST" duration-ms="5589" status="PASS">
          <reporter-output>
          </reporter-output>
        </test-method> <!-- setUp -->
        <test-method signature="testFlipkartSearchAndNavigation()[pri:0, instance:CaseStudy3_2.FlipkartTest@14dd9eb7]" started-at="2023-08-20T13:03:23 IST" name="testFlipkartSearchAndNavigation" finished-at="2023-08-20T13:03:25 IST" duration-ms="2030" status="FAIL">
          <exception class="java.lang.NullPointerException">
            <message>
              <![CDATA[Cannot invoke "org.openqa.selenium.WebElement.isDisplayed()" because "this.flipkartLogo" is null]]>
            </message>
            <full-stacktrace>
              <![CDATA[java.lang.NullPointerException: Cannot invoke "org.openqa.selenium.WebElement.isDisplayed()" because "this.flipkartLogo" is null
at CaseStudy3_2.HomePage.isFlipkartLogoPresent(HomePage.java:26)
at CaseStudy3_2.FlipkartTest.testFlipkartSearchAndNavigation(FlipkartTest.java:24)
at java.base/jdk.internal.reflect.DirectMethodHandleAccessor.invoke(DirectMethodHandleAccessor.java:104)
at java.base/java.lang.reflect.Method.invoke(Method.java:578)
at org.testng.internal.MethodInvocationHelper.invokeMethod(MethodInvocationHelper.java:133)
at org.testng.internal.TestInvoker.invokeMethod(TestInvoker.java:598)
at org.testng.internal.TestInvoker.invokeTestMethod(TestInvoker.java:173)
at org.testng.internal.MethodRunner.runInSequence(MethodRunner.java:46)
at org.testng.internal.TestInvoker$MethodInvocationAgent.invoke(TestInvoker.java:824)
at org.testng.internal.TestInvoker.invokeTestMethods(TestInvoker.java:146)
at org.testng.internal.TestMethodWorker.invokeTestMethods(TestMethodWorker.java:146)
at org.testng.internal.TestMethodWorker.run(TestMethodWorker.java:128)
at java.base/java.util.ArrayList.forEach(ArrayList.java:1511)
at org.testng.TestRunner.privateRun(TestRunner.java:794)
at org.testng.TestRunner.run(TestRunner.java:596)
at org.testng.SuiteRunner.runTest(SuiteRunner.java:377)
at org.testng.SuiteRunner.runSequentially(SuiteRunner.java:371)
at org.testng.SuiteRunner.privateRun(SuiteRunner.java:332)
at org.testng.SuiteRunner.run(SuiteRunner.java:276)
at org.testng.SuiteRunnerWorker.runSuite(SuiteRunnerWorker.java:53)
at org.testng.SuiteRunnerWorker.run(SuiteRunnerWorker.java:96)
at org.testng.TestNG.runSuitesSequentially(TestNG.java:1212)
at org.testng.TestNG.runSuitesLocally(TestNG.java:1134)
at org.testng.TestNG.runSuites(TestNG.java:1063)
at org.testng.TestNG.run(TestNG.java:1031)
at org.testng.remote.AbstractRemoteTestNG.run(AbstractRemoteTestNG.java:115)
at org.testng.remote.RemoteTestNG.initAndRun(RemoteTestNG.java:251)
at org.testng.remote.RemoteTestNG.main(RemoteTestNG.java:77)
]]>
            </full-stacktrace>
          </exception> <!-- java.lang.NullPointerException -->
          <reporter-output>
          </reporter-output>
        </test-method> <!-- testFlipkartSearchAndNavigation -->
        <test-method is-config="true" signature="closeBrowser()[pri:0, instance:CaseStudy3_2.FlipkartTest@14dd9eb7]" started-at="2023-08-20T13:03:25 IST" name="closeBrowser" finished-at="2023-08-20T13:03:25 IST" duration-ms="212" status="PASS">
          <reporter-output>
          </reporter-output>
        </test-method> <!-- closeBrowser -->
      </class> <!-- CaseStudy3_2.FlipkartTest -->
    </test> <!-- ContactPageTest -->
  </suite> <!-- TestSuite -->
</testng-results>
