<?xml version="1.0" encoding="UTF-8"?>
<!-- Generated by org.testng.reporters.JUnitXMLReporter -->
<testsuite ignored="0" hostname="KISHORE-O98T" failures="1" tests="1" name="ContactPageTest" time="7.683" errors="0" timestamp="2023-08-20T13:03:25 IST">
  <testcase classname="CaseStudy3_2.FlipkartTest" name="testFlipkartSearchAndNavigation" time="2.03">
    <failure type="java.lang.NullPointerException" message="Cannot invoke &amp;quot;org.openqa.selenium.WebElement.isDisplayed()&amp;quot; because &amp;quot;this.flipkartLogo&amp;quot; is null">
      <![CDATA[java.lang.NullPointerException: Cannot invoke "org.openqa.selenium.WebElement.isDisplayed()" because "this.flipkartLogo" is null
at CaseStudy3_2.HomePage.isFlipkartLogoPresent(HomePage.java:26)
at CaseStudy3_2.FlipkartTest.testFlipkartSearchAndNavigation(FlipkartTest.java:24)
at java.base/java.util.ArrayList.forEach(ArrayList.java:1511)
... Removed 25 stack frames]]>
    </failure>
  </testcase> <!-- testFlipkartSearchAndNavigation -->
</testsuite> <!-- ContactPageTest -->
